Using pre-set license
Built from '2020.2/release' branch; Version is '2020.2.2f1 (068178b99f32) revision 426360'; Using compiler version '192528614'; Build Type 'Release'
OS: 'Windows 10 Home; OS build 19042.1165; Version 2009; 64bit' Language: 'en' Physical Memory: 16344 MB
BatchMode: 1, IsHumanControllingUs: 0, StartBugReporterOnCrash: 0, Is64bit: 1, IsPro: 0

 COMMAND LINE ARGUMENTS:
D:\Program Files\Unity\2020.2.2f1\Editor\Unity.exe
-adb2
-batchMode
-noUpm
-name
AssetImportWorker0
-projectPath
C:/Users/julia/Documents/GitHub/I was framed
-logFile
Logs/AssetImportWorker0.log
-srvPort
61336
Successfully changed project path to: C:/Users/julia/Documents/GitHub/I was framed
C:/Users/julia/Documents/GitHub/I was framed
Using Asset Import Pipeline V2.
Refreshing native plugins compatible for Editor in 26.18 ms, found 0 plugins.
Preloading 0 native plugins for Editor in 0.00 ms.
Initialize engine version: 2020.2.2f1 (068178b99f32)
[Subsystems] Discovering subsystems at path D:/Program Files/Unity/2020.2.2f1/Editor/Data/Resources/UnitySubsystems
[Subsystems] Discovering subsystems at path C:/Users/julia/Documents/GitHub/I was framed/Assets
GfxDevice: creating device client; threaded=0
Direct3D:
    Version:  Direct3D 11.0 [level 11.1]
    Renderer: NVIDIA GeForce GTX 1070 Ti (ID=0x1b82)
    Vendor:   
    VRAM:     8079 MB
    Driver:   27.21.14.6140
Initialize mono
Mono path[0] = 'D:/Program Files/Unity/2020.2.2f1/Editor/Data/Managed'
Mono path[1] = 'D:/Program Files/Unity/2020.2.2f1/Editor/Data/MonoBleedingEdge/lib/mono/unityjit'
Mono config path = 'D:/Program Files/Unity/2020.2.2f1/Editor/Data/MonoBleedingEdge/etc'
Using monoOptions --debugger-agent=transport=dt_socket,embedding=1,server=y,suspend=n,address=127.0.0.1:56720
Begin MonoManager ReloadAssembly
Registering precompiled unity dll's ...
Register platform support module: D:/Program Files/Unity/2020.2.2f1/Editor/Data/PlaybackEngines/WindowsStandaloneSupport/UnityEditor.WindowsStandalone.Extensions.dll
Registered in 0.001634 seconds.
Native extension for WindowsStandalone target not found
Refreshing native plugins compatible for Editor in 46.18 ms, found 0 plugins.
Preloading 0 native plugins for Editor in 0.00 ms.
Invoked RoslynAnalysisRunner static constructor.
RoslynAnalysisRunner will not be running.
RoslynAnalysisRunner has terminated.
Mono: successfully reloaded assembly
- Completed reload, in  4.562 seconds
Platform modules already initialized, skipping
Registering precompiled user dll's ...
Registered in 0.001552 seconds.
Begin MonoManager ReloadAssembly
Native extension for WindowsStandalone target not found
Refreshing native plugins compatible for Editor in 0.26 ms, found 0 plugins.
Preloading 0 native plugins for Editor in 0.00 ms.
Invoked RoslynAnalysisRunner static constructor.
RoslynAnalysisRunner will not be running.
RoslynAnalysisRunner has terminated.
Mono: successfully reloaded assembly
- Completed reload, in  1.192 seconds
Platform modules already initialized, skipping
========================================================================
Worker process is ready to serve import requests
Launched and connected shader compiler UnityShaderCompiler.exe after 0.11 seconds
Refreshing native plugins compatible for Editor in 0.29 ms, found 0 plugins.
Preloading 0 native plugins for Editor in 0.00 ms.
Unloading 1473 Unused Serialized files (Serialized files now loaded: 0)
System memory in use before: 84.3 MB.
System memory in use after: 84.3 MB.

Unloading 68 unused Assets to reduce memory usage. Loaded Objects now: 1924.
Total: 2.268700 ms (FindLiveObjects: 0.170300 ms CreateObjectMapping: 0.054400 ms MarkObjects: 1.836300 ms  DeleteObjects: 0.206100 ms)

========================================================================
Received Import Request.
  path: Assets/Scripts/Interact.cs
  artifactKey: Guid(7eef91e876d133f4c93c98e3fe28e50b) Importer(815301076,1909f56bfc062723c751e8b465ee728b)
Start importing Assets/Scripts/Interact.cs using Guid(7eef91e876d133f4c93c98e3fe28e50b) Importer(815301076,1909f56bfc062723c751e8b465ee728b)  -> (artifact id: '94be58e3c7ec502716925b92ed8d9943') in 0.064469 seconds
  Import took 0.068137 seconds .

========================================================================
Received Prepare
Refreshing native plugins compatible for Editor in 1.04 ms, found 0 plugins.
Preloading 0 native plugins for Editor in 0.00 ms.
Unloading 4 Unused Serialized files (Serialized files now loaded: 0)
System memory in use before: 54.1 MB.
System memory in use after: 54.2 MB.

Unloading 4 unused Assets to reduce memory usage. Loaded Objects now: 1924.
Total: 1.896700 ms (FindLiveObjects: 0.167700 ms CreateObjectMapping: 0.043800 ms MarkObjects: 1.581700 ms  DeleteObjects: 0.102400 ms)

========================================================================
Received Prepare
Registering precompiled user dll's ...
Registered in 0.000899 seconds.
Begin MonoManager ReloadAssembly
Native extension for WindowsStandalone target not found
Refreshing native plugins compatible for Editor in 0.27 ms, found 0 plugins.
Preloading 0 native plugins for Editor in 0.00 ms.
Warning: Annotation not found!
UnityEngine.StackTraceUtility:ExtractStackTrace ()
UnityEditor.ProBuilder.EditorUtility:SetGizmoIconEnabled (System.Type,bool) (at Library/PackageCache/com.unity.probuilder@4.4.0/Editor/EditorCore/EditorUtility.cs:593)
UnityEditor.ProBuilder.HierarchyListener:.cctor () (at Library/PackageCache/com.unity.probuilder@4.4.0/Editor/EditorCore/HierarchyListener.cs:21)
System.Runtime.CompilerServices.RuntimeHelpers:RunClassConstructor (System.RuntimeTypeHandle)
UnityEditor.EditorAssemblies:ProcessInitializeOnLoadAttributes (System.Type[])

[Library/PackageCache/com.unity.probuilder@4.4.0/Editor/EditorCore/EditorUtility.cs line 593]

Invoked RoslynAnalysisRunner static constructor.
RoslynAnalysisRunner will not be running.
RoslynAnalysisRunner has terminated.
Mono: successfully reloaded assembly
- Completed reload, in  0.687 seconds
Platform modules already initialized, skipping
Refreshing native plugins compatible for Editor in 0.23 ms, found 0 plugins.
Preloading 0 native plugins for Editor in 0.00 ms.
Unloading 1440 Unused Serialized files (Serialized files now loaded: 0)
System memory in use before: 83.0 MB.
System memory in use after: 83.0 MB.

Unloading 6 unused Assets to reduce memory usage. Loaded Objects now: 1926.
Total: 2.167600 ms (FindLiveObjects: 0.132700 ms CreateObjectMapping: 0.040300 ms MarkObjects: 1.891100 ms  DeleteObjects: 0.102600 ms)

========================================================================
Received Import Request.
  Time since last request: 92.780931 seconds.
  path: Assets/Scripts/Interact.cs
  artifactKey: Guid(7eef91e876d133f4c93c98e3fe28e50b) Importer(815301076,1909f56bfc062723c751e8b465ee728b)
Start importing Assets/Scripts/Interact.cs using Guid(7eef91e876d133f4c93c98e3fe28e50b) Importer(815301076,1909f56bfc062723c751e8b465ee728b)  -> (artifact id: 'b5ccc99b7e63037a9e34980510fc0d1f') in 0.005366 seconds
  Import took 0.007769 seconds .

========================================================================
Received Prepare
Registering precompiled user dll's ...
Registered in 0.000991 seconds.
Begin MonoManager ReloadAssembly
Native extension for WindowsStandalone target not found
Refreshing native plugins compatible for Editor in 0.24 ms, found 0 plugins.
Preloading 0 native plugins for Editor in 0.00 ms.
Warning: Annotation not found!
UnityEngine.StackTraceUtility:ExtractStackTrace ()
UnityEditor.ProBuilder.EditorUtility:SetGizmoIconEnabled (System.Type,bool) (at Library/PackageCache/com.unity.probuilder@4.4.0/Editor/EditorCore/EditorUtility.cs:593)
UnityEditor.ProBuilder.HierarchyListener:.cctor () (at Library/PackageCache/com.unity.probuilder@4.4.0/Editor/EditorCore/HierarchyListener.cs:21)
System.Runtime.CompilerServices.RuntimeHelpers:RunClassConstructor (System.RuntimeTypeHandle)
UnityEditor.EditorAssemblies:ProcessInitializeOnLoadAttributes (System.Type[])

[Library/PackageCache/com.unity.probuilder@4.4.0/Editor/EditorCore/EditorUtility.cs line 593]

Invoked RoslynAnalysisRunner static constructor.
RoslynAnalysisRunner will not be running.
RoslynAnalysisRunner has terminated.
Mono: successfully reloaded assembly
- Completed reload, in  0.711 seconds
Platform modules already initialized, skipping
Refreshing native plugins compatible for Editor in 0.23 ms, found 0 plugins.
Preloading 0 native plugins for Editor in 0.00 ms.
Unloading 1440 Unused Serialized files (Serialized files now loaded: 0)
System memory in use before: 83.7 MB.
System memory in use after: 83.7 MB.

Unloading 6 unused Assets to reduce memory usage. Loaded Objects now: 1928.
Total: 1.649600 ms (FindLiveObjects: 0.126400 ms CreateObjectMapping: 0.036000 ms MarkObjects: 1.395900 ms  DeleteObjects: 0.090300 ms)

========================================================================
Received Import Request.
  Time since last request: 206.826346 seconds.
  path: Assets/Resources/Images
  artifactKey: Guid(f6169778347b6db4daac864be508cdd8) Importer(815301076,1909f56bfc062723c751e8b465ee728b)
Start importing Assets/Resources/Images using Guid(f6169778347b6db4daac864be508cdd8) Importer(815301076,1909f56bfc062723c751e8b465ee728b)  -> (artifact id: '4795fd291338f0a2c24efedb5ca64f12') in 0.009596 seconds
  Import took 0.012089 seconds .

========================================================================
Received Import Request.
  Time since last request: 114.786827 seconds.
  path: Assets/Resources/Images/Beans_fixed.png
  artifactKey: Guid(29595b4ce870284428d2dca3d16c1eec) Importer(815301076,1909f56bfc062723c751e8b465ee728b)
Start importing Assets/Resources/Images/Beans_fixed.png using Guid(29595b4ce870284428d2dca3d16c1eec) Importer(815301076,1909f56bfc062723c751e8b465ee728b)  -> (artifact id: 'f238e1a4d6e72423b63c274ef4ae5828') in 0.118476 seconds
  Import took 0.121257 seconds .

========================================================================
Received Import Request.
  Time since last request: 0.000362 seconds.
  path: Assets/Resources/Images/Screen_Shot_2021-06-18_at_2.34.55_pm.png
  artifactKey: Guid(04b7ea83737e28146b1f0a65d74ccc4a) Importer(815301076,1909f56bfc062723c751e8b465ee728b)
Start importing Assets/Resources/Images/Screen_Shot_2021-06-18_at_2.34.55_pm.png using Guid(04b7ea83737e28146b1f0a65d74ccc4a) Importer(815301076,1909f56bfc062723c751e8b465ee728b)  -> (artifact id: 'f8e30829b2e37296ba8779538a1ce2c8') in 0.014775 seconds
  Import took 0.017825 seconds .

========================================================================
Received Import Request.
  Time since last request: 0.000446 seconds.
  path: Assets/Resources/Images/image0.png
  artifactKey: Guid(432dc9be8f8373845901a9bd5dc2e0d3) Importer(815301076,1909f56bfc062723c751e8b465ee728b)
Start importing Assets/Resources/Images/image0.png using Guid(432dc9be8f8373845901a9bd5dc2e0d3) Importer(815301076,1909f56bfc062723c751e8b465ee728b)  -> (artifact id: 'c3075af5198eff070a8c659364b908a9') in 0.012712 seconds
  Import took 0.015562 seconds .

========================================================================
Received Import Request.
  Time since last request: 0.000365 seconds.
  path: Assets/Resources/Images/Screen_Shot_2020-12-10_at_6.45.34_pm.png
  artifactKey: Guid(dcb33807007e9dc42824b2f2cba6fc8b) Importer(815301076,1909f56bfc062723c751e8b465ee728b)
Start importing Assets/Resources/Images/Screen_Shot_2020-12-10_at_6.45.34_pm.png using Guid(dcb33807007e9dc42824b2f2cba6fc8b) Importer(815301076,1909f56bfc062723c751e8b465ee728b)  -> (artifact id: '62163023ed1739b2c3d650a3a915229c') in 0.013522 seconds
  Import took 0.015950 seconds .

========================================================================
Received Import Request.
  Time since last request: 0.000348 seconds.
  path: Assets/Resources/Images/falling.png
  artifactKey: Guid(7f8b80b2dde30cd48ac73d2daac411b4) Importer(815301076,1909f56bfc062723c751e8b465ee728b)
Start importing Assets/Resources/Images/falling.png using Guid(7f8b80b2dde30cd48ac73d2daac411b4) Importer(815301076,1909f56bfc062723c751e8b465ee728b)  -> (artifact id: 'd09ee43bf4c86f63daa0171eca2aa69f') in 0.014129 seconds
  Import took 0.016483 seconds .

========================================================================
Received Import Request.
  Time since last request: 13.804835 seconds.
  path: Assets/Resources/Images/Satan-GuyFieri.png
  artifactKey: Guid(432dc9be8f8373845901a9bd5dc2e0d3) Importer(815301076,1909f56bfc062723c751e8b465ee728b)
Start importing Assets/Resources/Images/Satan-GuyFieri.png using Guid(432dc9be8f8373845901a9bd5dc2e0d3) Importer(815301076,1909f56bfc062723c751e8b465ee728b)  -> (artifact id: '86ff632cfd94de87753560ccb2f294be') in 0.011921 seconds
  Import took 0.014832 seconds .

========================================================================
Received Import Request.
  Time since last request: 6.165567 seconds.
  path: Assets/Resources/Images/Death of Luigi.png
  artifactKey: Guid(dcb33807007e9dc42824b2f2cba6fc8b) Importer(815301076,1909f56bfc062723c751e8b465ee728b)
Start importing Assets/Resources/Images/Death of Luigi.png using Guid(dcb33807007e9dc42824b2f2cba6fc8b) Importer(815301076,1909f56bfc062723c751e8b465ee728b)  -> (artifact id: 'c9a7543fd908e685555c43d013db331c') in 0.014217 seconds
  Import took 0.017199 seconds .

========================================================================
Received Import Request.
  Time since last request: 0.000514 seconds.
  path: Assets/Resources/Images/Death of Luigi.png
  artifactKey: Guid(dcb33807007e9dc42824b2f2cba6fc8b) Importer(815301076,1909f56bfc062723c751e8b465ee728b)
Start importing Assets/Resources/Images/Death of Luigi.png using Guid(dcb33807007e9dc42824b2f2cba6fc8b) Importer(815301076,1909f56bfc062723c751e8b465ee728b)  -> (artifact id: 'c9a7543fd908e685555c43d013db331c') in 0.010146 seconds
  Import took 0.012506 seconds .

========================================================================
Received Import Request.
  Time since last request: 4.325560 seconds.
  path: Assets/Resources/Images/Gnome.png
  artifactKey: Guid(04b7ea83737e28146b1f0a65d74ccc4a) Importer(815301076,1909f56bfc062723c751e8b465ee728b)
Start importing Assets/Resources/Images/Gnome.png using Guid(04b7ea83737e28146b1f0a65d74ccc4a) Importer(815301076,1909f56bfc062723c751e8b465ee728b)  -> (artifact id: '46e030dca807d7a58109b0bff95b5d01') in 0.012286 seconds
  Import took 0.014922 seconds .

========================================================================
Received Import Request.
  Time since last request: 158.486010 seconds.
  path: Assets/Resources/Images/Death of Luigi.png
  artifactKey: Guid(dcb33807007e9dc42824b2f2cba6fc8b) Importer(815301076,1909f56bfc062723c751e8b465ee728b)
Start importing Assets/Resources/Images/Death of Luigi.png using Guid(dcb33807007e9dc42824b2f2cba6fc8b) Importer(815301076,1909f56bfc062723c751e8b465ee728b)  -> (artifact id: '37872e97d50ab8132b295fc8c1ec1714') in 0.009567 seconds
  Import took 0.012195 seconds .

========================================================================
Received Import Request.
  Time since last request: 6.895470 seconds.
  path: Assets/Resources/Images/Beans_fixed.png
  artifactKey: Guid(29595b4ce870284428d2dca3d16c1eec) Importer(815301076,1909f56bfc062723c751e8b465ee728b)
Start importing Assets/Resources/Images/Beans_fixed.png using Guid(29595b4ce870284428d2dca3d16c1eec) Importer(815301076,1909f56bfc062723c751e8b465ee728b)  -> (artifact id: 'deee72c4e673923932981d05b35a2778') in 0.011138 seconds
  Import took 0.013729 seconds .

========================================================================
Received Import Request.
  Time since last request: 6.273178 seconds.
  path: Assets/Resources/Images/falling.png
  artifactKey: Guid(7f8b80b2dde30cd48ac73d2daac411b4) Importer(815301076,1909f56bfc062723c751e8b465ee728b)
Start importing Assets/Resources/Images/falling.png using Guid(7f8b80b2dde30cd48ac73d2daac411b4) Importer(815301076,1909f56bfc062723c751e8b465ee728b)  -> (artifact id: '698e0e8be834908625df5cddc0e5809d') in 0.009499 seconds
  Import took 0.012329 seconds .

========================================================================
Received Import Request.
  Time since last request: 4.283189 seconds.
  path: Assets/Resources/Images/Gnome.png
  artifactKey: Guid(04b7ea83737e28146b1f0a65d74ccc4a) Importer(815301076,1909f56bfc062723c751e8b465ee728b)
Start importing Assets/Resources/Images/Gnome.png using Guid(04b7ea83737e28146b1f0a65d74ccc4a) Importer(815301076,1909f56bfc062723c751e8b465ee728b)  -> (artifact id: '900a7961584dac0dddf1bb730b361d38') in 0.009077 seconds
  Import took 0.011334 seconds .

========================================================================
Received Import Request.
  Time since last request: 4.576854 seconds.
  path: Assets/Resources/Images/Satan-GuyFieri.png
  artifactKey: Guid(432dc9be8f8373845901a9bd5dc2e0d3) Importer(815301076,1909f56bfc062723c751e8b465ee728b)
Start importing Assets/Resources/Images/Satan-GuyFieri.png using Guid(432dc9be8f8373845901a9bd5dc2e0d3) Importer(815301076,1909f56bfc062723c751e8b465ee728b)  -> (artifact id: '54426ad5e8991368bf29e14ffc962c81') in 0.009127 seconds
  Import took 0.011425 seconds .

AssetImportWorkerClient::OnTransportError - code=2 error=End of file
